01:13:05.128 [main] INFO  c.s.s.OjSystemApplication - [logStartupProfileInfo,636] - The following 1 profile is active: "local"
01:13:06.415 [main] INFO  o.s.c.c.s.GenericScope - [setSerializationId,282] - BeanFactory id=398b9540-339c-3dd5-a5b3-e2c5ba9d1415
01:13:07.106 [main] INFO  o.s.b.w.e.t.TomcatWebServer - [initialize,108] - Tomcat initialized with port(s): 8080 (http)
01:13:07.124 [main] INFO  o.a.c.h.Http11NioProtocol - [log,173] - Initializing ProtocolHandler ["http-nio-8080"]
01:13:07.126 [main] INFO  o.a.c.c.StandardService - [log,173] - Starting service [Tomcat]
01:13:07.127 [main] INFO  o.a.c.c.StandardEngine - [log,173] - Starting Servlet engine: [Apache Tomcat/10.1.4]
01:13:07.299 [main] INFO  o.a.c.c.C.[.[.[/] - [log,173] - Initializing Spring embedded WebApplicationContext
01:13:07.301 [main] INFO  o.s.b.w.s.c.ServletWebServerApplicationContext - [prepareWebApplicationContext,291] - Root WebApplicationContext: initialization completed in 2147 ms
01:13:07.518 [main] INFO  o.a.c.c.StandardService - [log,173] - Stopping service [Tomcat]
01:13:07.580 [main] INFO  o.s.b.a.l.ConditionEvaluationReportLogger - [logMessage,82] - 

Error starting ApplicationContext. To display the condition evaluation report re-run your application with 'debug' enabled.
01:14:51.749 [main] INFO  c.s.s.OjSystemApplication - [logStartupProfileInfo,636] - The following 1 profile is active: "local"
01:14:53.015 [main] INFO  o.s.c.c.s.GenericScope - [setSerializationId,282] - BeanFactory id=398b9540-339c-3dd5-a5b3-e2c5ba9d1415
01:14:53.719 [main] INFO  o.s.b.w.e.t.TomcatWebServer - [initialize,108] - Tomcat initialized with port(s): 8080 (http)
01:14:53.745 [main] INFO  o.a.c.h.Http11NioProtocol - [log,173] - Initializing ProtocolHandler ["http-nio-8080"]
01:14:53.747 [main] INFO  o.a.c.c.StandardService - [log,173] - Starting service [Tomcat]
01:14:53.748 [main] INFO  o.a.c.c.StandardEngine - [log,173] - Starting Servlet engine: [Apache Tomcat/10.1.4]
01:14:53.921 [main] INFO  o.a.c.c.C.[.[.[/] - [log,173] - Initializing Spring embedded WebApplicationContext
01:14:53.922 [main] INFO  o.s.b.w.s.c.ServletWebServerApplicationContext - [prepareWebApplicationContext,291] - Root WebApplicationContext: initialization completed in 2148 ms
01:14:54.074 [main] INFO  o.a.c.c.StandardService - [log,173] - Stopping service [Tomcat]
01:14:54.105 [main] INFO  o.s.b.a.l.ConditionEvaluationReportLogger - [logMessage,82] - 

Error starting ApplicationContext. To display the condition evaluation report re-run your application with 'debug' enabled.
01:16:22.752 [main] INFO  c.a.n.c.u.ParamUtil - [<clinit>,87] - [settings] [req-serv] nacos-server port:8848
01:16:22.752 [main] INFO  c.a.n.c.u.ParamUtil - [<clinit>,98] - [settings] [http-client] connect timeout:1000
01:16:22.754 [main] INFO  c.a.n.c.u.ParamUtil - [<clinit>,105] - PER_TASK_CONFIG_SIZE: 3000.0
01:16:22.893 [main] INFO  c.a.n.p.a.s.c.ClientAuthPluginManager - [init,56] - [ClientAuthPluginManager] Load ClientAuthService com.alibaba.nacos.client.auth.impl.NacosClientAuthServiceImpl success.
01:16:22.893 [main] INFO  c.a.n.p.a.s.c.ClientAuthPluginManager - [init,56] - [ClientAuthPluginManager] Load ClientAuthService com.alibaba.nacos.client.auth.ram.RamClientAuthServiceImpl success.
01:16:22.898 [main] INFO  c.a.n.c.a.r.i.CredentialWatcher - [loadCredential,165] - null No credential found
01:16:23.405 [main] INFO  c.a.n.c.c.i.LocalConfigInfoProcessor - [<clinit>,63] - LOCAL_SNAPSHOT_PATH:C:\Users\Cjq11\nacos\config
01:16:23.416 [main] INFO  c.a.n.c.r.client - [lambda$createClient$0,108] - [RpcClientFactory] create a new rpc client of e3f2d005-88e2-4498-a749-a5f3566da8bc_config-0
01:16:23.475 [main] INFO  c.a.n.c.r.client - [printIfInfoEnabled,63] - [e3f2d005-88e2-4498-a749-a5f3566da8bc_config-0] Register server push request handler:com.alibaba.nacos.client.config.impl.ClientWorker$ConfigRpcTransportClient$$Lambda$519/0x000001452f2b8d28
01:16:23.476 [main] INFO  c.a.n.c.r.client - [printIfInfoEnabled,63] - [e3f2d005-88e2-4498-a749-a5f3566da8bc_config-0] Register server push request handler:com.alibaba.nacos.client.config.impl.ClientWorker$ConfigRpcTransportClient$$Lambda$520/0x000001452f2b9148
01:16:23.476 [main] INFO  c.a.n.c.r.client - [printIfInfoEnabled,63] - [e3f2d005-88e2-4498-a749-a5f3566da8bc_config-0] Registry connection listener to current client:com.alibaba.nacos.client.config.impl.ClientWorker$ConfigRpcTransportClient$1
01:16:23.477 [main] INFO  c.a.n.c.r.client - [printIfInfoEnabled,63] - [e3f2d005-88e2-4498-a749-a5f3566da8bc_config-0] RpcClient init, ServerListFactory = com.alibaba.nacos.client.config.impl.ClientWorker$ConfigRpcTransportClient$2
01:16:23.490 [main] INFO  c.a.n.c.r.client - [printIfInfoEnabled,63] - [e3f2d005-88e2-4498-a749-a5f3566da8bc_config-0] Try to connect to server on start up, server: {serverIp = 'localhost', server main port = 8848}
01:16:23.534 [main] INFO  c.a.n.c.r.c.g.GrpcClient - [createNewManagedChannel,182] - grpc client connection server:localhost ip,serverPort:9848,grpcTslConfig:{"sslProvider":"OPENSSL","enableTls":false,"mutualAuthEnable":false,"trustAll":false}
01:16:25.238 [main] INFO  c.a.n.c.r.client - [printIfInfoEnabled,63] - [e3f2d005-88e2-4498-a749-a5f3566da8bc_config-0] Success to connect to server [localhost:8848] on start up, connectionId = 1752599785007_172.17.0.1_45460
01:16:25.239 [com.alibaba.nacos.client.remote.worker] INFO  c.a.n.c.r.client - [printIfInfoEnabled,63] - [e3f2d005-88e2-4498-a749-a5f3566da8bc_config-0] Notify connected event to listeners.
01:16:25.239 [main] INFO  c.a.n.c.r.client - [printIfInfoEnabled,63] - [e3f2d005-88e2-4498-a749-a5f3566da8bc_config-0] Register server push request handler:com.alibaba.nacos.common.remote.client.RpcClient$ConnectResetRequestHandler
01:16:25.239 [com.alibaba.nacos.client.remote.worker] INFO  c.a.n.c.c.i.ClientWorker - [onConnected,639] - [e3f2d005-88e2-4498-a749-a5f3566da8bc_config-0] Connected,notify listen context...
01:16:25.239 [main] INFO  c.a.n.c.r.client - [printIfInfoEnabled,63] - [e3f2d005-88e2-4498-a749-a5f3566da8bc_config-0] Register server push request handler:com.alibaba.nacos.common.remote.client.RpcClient$$Lambda$542/0x000001452f420000
01:16:25.281 [main] INFO  c.a.n.c.c.i.Limiter - [<clinit>,62] - limitTime:5.0
01:16:25.342 [main] INFO  c.a.n.c.c.u.JvmUtil - [<clinit>,54] - isMultiInstance:false
01:16:25.351 [main] INFO  o.s.c.b.c.PropertySourceBootstrapConfiguration - [initialize,108] - Located property source: [BootstrapPropertySource {name='bootstrapProperties-oj-system-local.yaml,DEFAULT_GROUP'}, BootstrapPropertySource {name='bootstrapProperties-oj-system.yaml,DEFAULT_GROUP'}, BootstrapPropertySource {name='bootstrapProperties-oj-system,DEFAULT_GROUP'}]
01:16:25.360 [main] INFO  c.s.s.OjSystemApplication - [logStartupProfileInfo,636] - The following 1 profile is active: "local"
01:16:26.280 [main] INFO  o.s.c.c.s.GenericScope - [setSerializationId,282] - BeanFactory id=c54cae2a-11f1-3ce3-b090-dd9af63d7c5e
01:16:26.822 [main] INFO  o.s.b.w.e.t.TomcatWebServer - [initialize,108] - Tomcat initialized with port(s): 9201 (http)
01:16:26.849 [main] INFO  o.a.c.h.Http11NioProtocol - [log,173] - Initializing ProtocolHandler ["http-nio-9201"]
01:16:26.850 [main] INFO  o.a.c.c.StandardService - [log,173] - Starting service [Tomcat]
01:16:26.850 [main] INFO  o.a.c.c.StandardEngine - [log,173] - Starting Servlet engine: [Apache Tomcat/10.1.4]
01:16:27.028 [main] INFO  o.a.c.c.C.[.[.[/] - [log,173] - Initializing Spring embedded WebApplicationContext
01:16:27.029 [main] INFO  o.s.b.w.s.c.ServletWebServerApplicationContext - [prepareWebApplicationContext,291] - Root WebApplicationContext: initialization completed in 1646 ms
01:16:30.286 [main] INFO  o.a.c.h.Http11NioProtocol - [log,173] - Starting ProtocolHandler ["http-nio-9201"]
01:16:30.305 [main] INFO  o.s.b.w.e.t.TomcatWebServer - [start,220] - Tomcat started on port(s): 9201 (http) with context path ''
01:16:30.312 [main] INFO  c.a.n.client.naming - [initNamespaceForNaming,62] - initializer namespace from ans.namespace attribute : null
01:16:30.313 [main] INFO  c.a.n.client.naming - [lambda$initNamespaceForNaming$0,66] - initializer namespace from ALIBABA_ALIWARE_NAMESPACE attribute :null
01:16:30.313 [main] INFO  c.a.n.client.naming - [lambda$initNamespaceForNaming$1,73] - initializer namespace from namespace attribute :null
01:16:30.325 [main] INFO  c.a.n.p.a.s.c.ClientAuthPluginManager - [init,56] - [ClientAuthPluginManager] Load ClientAuthService com.alibaba.nacos.client.auth.impl.NacosClientAuthServiceImpl success.
01:16:30.326 [main] INFO  c.a.n.p.a.s.c.ClientAuthPluginManager - [init,56] - [ClientAuthPluginManager] Load ClientAuthService com.alibaba.nacos.client.auth.ram.RamClientAuthServiceImpl success.
01:16:30.331 [main] INFO  c.a.n.c.r.client - [lambda$createClient$0,108] - [RpcClientFactory] create a new rpc client of da9fb570-224f-4a5e-b874-0ee4f2f613bb
01:16:30.334 [main] INFO  c.a.n.c.r.client - [printIfInfoEnabled,63] - [da9fb570-224f-4a5e-b874-0ee4f2f613bb] RpcClient init, ServerListFactory = com.alibaba.nacos.client.naming.core.ServerListManager
01:16:30.334 [main] INFO  c.a.n.c.r.client - [printIfInfoEnabled,63] - [da9fb570-224f-4a5e-b874-0ee4f2f613bb] Registry connection listener to current client:com.alibaba.nacos.client.naming.remote.gprc.redo.NamingGrpcRedoService
01:16:30.334 [main] INFO  c.a.n.c.r.client - [printIfInfoEnabled,63] - [da9fb570-224f-4a5e-b874-0ee4f2f613bb] Register server push request handler:com.alibaba.nacos.client.naming.remote.gprc.NamingPushRequestHandler
01:16:30.335 [main] INFO  c.a.n.c.r.client - [printIfInfoEnabled,63] - [da9fb570-224f-4a5e-b874-0ee4f2f613bb] Try to connect to server on start up, server: {serverIp = 'localhost', server main port = 8848}
01:16:30.335 [main] INFO  c.a.n.c.r.c.g.GrpcClient - [createNewManagedChannel,182] - grpc client connection server:localhost ip,serverPort:9848,grpcTslConfig:{"sslProvider":"OPENSSL","enableTls":false,"mutualAuthEnable":false,"trustAll":false}
01:16:30.462 [main] INFO  c.a.n.c.r.client - [printIfInfoEnabled,63] - [da9fb570-224f-4a5e-b874-0ee4f2f613bb] Success to connect to server [localhost:8848] on start up, connectionId = 1752599790345_172.17.0.1_51392
01:16:30.462 [main] INFO  c.a.n.c.r.client - [printIfInfoEnabled,63] - [da9fb570-224f-4a5e-b874-0ee4f2f613bb] Register server push request handler:com.alibaba.nacos.common.remote.client.RpcClient$ConnectResetRequestHandler
01:16:30.462 [com.alibaba.nacos.client.remote.worker] INFO  c.a.n.c.r.client - [printIfInfoEnabled,63] - [da9fb570-224f-4a5e-b874-0ee4f2f613bb] Notify connected event to listeners.
01:16:30.463 [main] INFO  c.a.n.c.r.client - [printIfInfoEnabled,63] - [da9fb570-224f-4a5e-b874-0ee4f2f613bb] Register server push request handler:com.alibaba.nacos.common.remote.client.RpcClient$$Lambda$542/0x000001452f420000
01:16:30.463 [com.alibaba.nacos.client.remote.worker] INFO  c.a.n.client.naming - [onConnected,78] - Grpc connection connect
01:16:30.464 [main] INFO  c.a.n.client.naming - [registerService,121] - [REGISTER-SERVICE] eb336955-dfe1-41cc-be2d-b42f54b59bed registering service oj-system with instance Instance{instanceId='null', ip='192.168.1.46', port=9201, weight=1.0, healthy=true, enabled=true, ephemeral=true, clusterName='DEFAULT', serviceName='null', metadata={IPv6=null, preserved.register.source=SPRING_CLOUD}}
01:16:30.501 [main] INFO  c.a.c.n.r.NacosServiceRegistry - [register,76] - nacos registry, DEFAULT_GROUP oj-system 192.168.1.46:9201 register finished
01:16:31.027 [main] INFO  c.s.s.OjSystemApplication - [logStarted,57] - Started OjSystemApplication in 9.552 seconds (process running for 10.356)
01:16:31.031 [main] INFO  c.a.n.c.c.i.CacheData - [<clinit>,67] - nacos.cache.data.init.snapshot = true 
01:16:31.033 [main] INFO  c.a.n.c.c.i.ClientWorker - [addCacheDataIfAbsent,380] - [fixed-eb336955-dfe1-41cc-be2d-b42f54b59bed-localhost_8848] [subscribe] oj-system-local.yaml+DEFAULT_GROUP+eb336955-dfe1-41cc-be2d-b42f54b59bed
01:16:31.041 [main] INFO  c.a.n.c.c.i.CacheData - [addListener,197] - [fixed-eb336955-dfe1-41cc-be2d-b42f54b59bed-localhost_8848] [add-listener] ok, tenant=eb336955-dfe1-41cc-be2d-b42f54b59bed, dataId=oj-system-local.yaml, group=DEFAULT_GROUP, cnt=1
01:16:31.042 [main] INFO  c.a.c.n.r.NacosContextRefresher - [registerNacosListener,129] - [Nacos Config] Listening config: dataId=oj-system-local.yaml, group=DEFAULT_GROUP
01:16:31.043 [main] INFO  c.a.n.c.c.i.ClientWorker - [addCacheDataIfAbsent,380] - [fixed-eb336955-dfe1-41cc-be2d-b42f54b59bed-localhost_8848] [subscribe] oj-system+DEFAULT_GROUP+eb336955-dfe1-41cc-be2d-b42f54b59bed
01:16:31.044 [main] INFO  c.a.n.c.c.i.CacheData - [addListener,197] - [fixed-eb336955-dfe1-41cc-be2d-b42f54b59bed-localhost_8848] [add-listener] ok, tenant=eb336955-dfe1-41cc-be2d-b42f54b59bed, dataId=oj-system, group=DEFAULT_GROUP, cnt=1
01:16:31.044 [main] INFO  c.a.c.n.r.NacosContextRefresher - [registerNacosListener,129] - [Nacos Config] Listening config: dataId=oj-system, group=DEFAULT_GROUP
01:16:31.045 [main] INFO  c.a.n.c.c.i.ClientWorker - [addCacheDataIfAbsent,380] - [fixed-eb336955-dfe1-41cc-be2d-b42f54b59bed-localhost_8848] [subscribe] oj-system.yaml+DEFAULT_GROUP+eb336955-dfe1-41cc-be2d-b42f54b59bed
01:16:31.047 [main] INFO  c.a.n.c.c.i.CacheData - [addListener,197] - [fixed-eb336955-dfe1-41cc-be2d-b42f54b59bed-localhost_8848] [add-listener] ok, tenant=eb336955-dfe1-41cc-be2d-b42f54b59bed, dataId=oj-system.yaml, group=DEFAULT_GROUP, cnt=1
01:16:31.047 [main] INFO  c.a.c.n.r.NacosContextRefresher - [registerNacosListener,129] - [Nacos Config] Listening config: dataId=oj-system.yaml, group=DEFAULT_GROUP
01:17:34.523 [http-nio-9201-exec-1] INFO  o.a.c.c.C.[.[.[/] - [log,173] - Initializing Spring DispatcherServlet 'dispatcherServlet'
01:17:34.524 [http-nio-9201-exec-1] INFO  o.s.w.s.DispatcherServlet - [initServletBean,532] - Initializing Servlet 'dispatcherServlet'
01:17:34.526 [http-nio-9201-exec-1] INFO  o.s.w.s.DispatcherServlet - [initServletBean,554] - Completed initialization in 2 ms
01:17:47.311 [http-nio-9201-exec-2] INFO  c.z.h.HikariDataSource - [getConnection,110] - HikariPool-1 - Starting...
01:17:48.156 [http-nio-9201-exec-2] INFO  c.z.h.p.HikariPool - [checkFailFast,565] - HikariPool-1 - Added connection com.mysql.cj.jdbc.ConnectionImpl@30c2878
01:17:48.160 [http-nio-9201-exec-2] INFO  c.z.h.HikariDataSource - [getConnection,123] - HikariPool-1 - Start completed.
