10:12:06.711 [main] INFO  c.a.n.c.u.ParamUtil - [<clinit>,87] - [settings] [req-serv] nacos-server port:8848
10:12:06.713 [main] INFO  c.a.n.c.u.ParamUtil - [<clinit>,98] - [settings] [http-client] connect timeout:1000
10:12:06.716 [main] INFO  c.a.n.c.u.ParamUtil - [<clinit>,105] - PER_TASK_CONFIG_SIZE: 3000.0
10:12:06.865 [main] INFO  c.a.n.p.a.s.c.ClientAuthPluginManager - [init,56] - [ClientAuthPluginManager] Load ClientAuthService com.alibaba.nacos.client.auth.impl.NacosClientAuthServiceImpl success.
10:12:06.865 [main] INFO  c.a.n.p.a.s.c.ClientAuthPluginManager - [init,56] - [ClientAuthPluginManager] Load ClientAuthService com.alibaba.nacos.client.auth.ram.RamClientAuthServiceImpl success.
10:12:06.871 [main] INFO  c.a.n.c.a.r.i.CredentialWatcher - [loadCredential,165] - null No credential found
10:12:07.330 [main] INFO  c.a.n.c.c.i.LocalConfigInfoProcessor - [<clinit>,63] - LOCAL_SNAPSHOT_PATH:C:\Users\Cjq11\nacos\config
10:12:07.336 [main] INFO  c.a.n.c.r.client - [lambda$createClient$0,108] - [RpcClientFactory] create a new rpc client of 706e791b-107e-40ef-aa56-f81fa1ddbe71_config-0
10:12:07.374 [main] INFO  c.a.n.c.r.client - [printIfInfoEnabled,63] - [706e791b-107e-40ef-aa56-f81fa1ddbe71_config-0] Register server push request handler:com.alibaba.nacos.client.config.impl.ClientWorker$ConfigRpcTransportClient$$Lambda$519/0x00000202cf2b8658
10:12:07.375 [main] INFO  c.a.n.c.r.client - [printIfInfoEnabled,63] - [706e791b-107e-40ef-aa56-f81fa1ddbe71_config-0] Register server push request handler:com.alibaba.nacos.client.config.impl.ClientWorker$ConfigRpcTransportClient$$Lambda$520/0x00000202cf2b8a78
10:12:07.375 [main] INFO  c.a.n.c.r.client - [printIfInfoEnabled,63] - [706e791b-107e-40ef-aa56-f81fa1ddbe71_config-0] Registry connection listener to current client:com.alibaba.nacos.client.config.impl.ClientWorker$ConfigRpcTransportClient$1
10:12:07.376 [main] INFO  c.a.n.c.r.client - [printIfInfoEnabled,63] - [706e791b-107e-40ef-aa56-f81fa1ddbe71_config-0] RpcClient init, ServerListFactory = com.alibaba.nacos.client.config.impl.ClientWorker$ConfigRpcTransportClient$2
10:12:07.387 [main] INFO  c.a.n.c.r.client - [printIfInfoEnabled,63] - [706e791b-107e-40ef-aa56-f81fa1ddbe71_config-0] Try to connect to server on start up, server: {serverIp = 'localhost', server main port = 8848}
10:12:07.427 [main] INFO  c.a.n.c.r.c.g.GrpcClient - [createNewManagedChannel,182] - grpc client connection server:localhost ip,serverPort:9848,grpcTslConfig:{"sslProvider":"OPENSSL","enableTls":false,"mutualAuthEnable":false,"trustAll":false}
10:12:08.904 [main] INFO  c.a.n.c.r.client - [printIfInfoEnabled,63] - [706e791b-107e-40ef-aa56-f81fa1ddbe71_config-0] Success to connect to server [localhost:8848] on start up, connectionId = 1752891129283_172.17.0.1_50684
10:12:08.905 [com.alibaba.nacos.client.remote.worker] INFO  c.a.n.c.r.client - [printIfInfoEnabled,63] - [706e791b-107e-40ef-aa56-f81fa1ddbe71_config-0] Notify connected event to listeners.
10:12:08.905 [main] INFO  c.a.n.c.r.client - [printIfInfoEnabled,63] - [706e791b-107e-40ef-aa56-f81fa1ddbe71_config-0] Register server push request handler:com.alibaba.nacos.common.remote.client.RpcClient$ConnectResetRequestHandler
10:12:08.905 [com.alibaba.nacos.client.remote.worker] INFO  c.a.n.c.c.i.ClientWorker - [onConnected,639] - [706e791b-107e-40ef-aa56-f81fa1ddbe71_config-0] Connected,notify listen context...
10:12:08.906 [main] INFO  c.a.n.c.r.client - [printIfInfoEnabled,63] - [706e791b-107e-40ef-aa56-f81fa1ddbe71_config-0] Register server push request handler:com.alibaba.nacos.common.remote.client.RpcClient$$Lambda$542/0x00000202cf420000
10:12:08.948 [main] INFO  c.a.n.c.c.i.Limiter - [<clinit>,62] - limitTime:5.0
10:12:09.295 [main] INFO  c.a.n.c.c.u.JvmUtil - [<clinit>,54] - isMultiInstance:false
10:12:09.315 [main] INFO  o.s.c.b.c.PropertySourceBootstrapConfiguration - [initialize,108] - Located property source: [BootstrapPropertySource {name='bootstrapProperties-oj-system-local.yaml,DEFAULT_GROUP'}, BootstrapPropertySource {name='bootstrapProperties-oj-system.yaml,DEFAULT_GROUP'}, BootstrapPropertySource {name='bootstrapProperties-oj-system,DEFAULT_GROUP'}]
10:12:09.337 [main] INFO  c.s.s.OjSystemApplication - [logStartupProfileInfo,636] - The following 1 profile is active: "local"
10:12:10.224 [main] INFO  o.s.d.r.c.RepositoryConfigurationDelegate - [multipleStoresDetected,294] - Multiple Spring Data modules found, entering strict repository configuration mode
10:12:10.231 [main] INFO  o.s.d.r.c.RepositoryConfigurationDelegate - [registerRepositoriesIn,138] - Bootstrapping Spring Data Redis repositories in DEFAULT mode.
10:12:10.260 [main] INFO  o.s.d.r.c.RepositoryConfigurationDelegate - [registerRepositoriesIn,208] - Finished Spring Data repository scanning in 8 ms. Found 0 Redis repository interfaces.
10:12:10.567 [main] INFO  o.s.c.c.s.GenericScope - [setSerializationId,282] - BeanFactory id=7e7af13a-c8dc-341e-bae5-fb88d2b3bc3f
10:12:11.246 [main] INFO  o.s.b.w.e.t.TomcatWebServer - [initialize,108] - Tomcat initialized with port(s): 9201 (http)
10:12:11.274 [main] INFO  o.a.c.h.Http11NioProtocol - [log,173] - Initializing ProtocolHandler ["http-nio-9201"]
10:12:11.276 [main] INFO  o.a.c.c.StandardService - [log,173] - Starting service [Tomcat]
10:12:11.277 [main] INFO  o.a.c.c.StandardEngine - [log,173] - Starting Servlet engine: [Apache Tomcat/10.1.4]
10:12:11.479 [main] INFO  o.a.c.c.C.[.[.[/] - [log,173] - Initializing Spring embedded WebApplicationContext
10:12:11.480 [main] INFO  o.s.b.w.s.c.ServletWebServerApplicationContext - [prepareWebApplicationContext,291] - Root WebApplicationContext: initialization completed in 2105 ms
10:12:18.016 [main] INFO  o.a.c.h.Http11NioProtocol - [log,173] - Starting ProtocolHandler ["http-nio-9201"]
10:12:18.056 [main] INFO  o.s.b.w.e.t.TomcatWebServer - [start,220] - Tomcat started on port(s): 9201 (http) with context path ''
10:12:18.066 [main] INFO  c.a.n.client.naming - [initNamespaceForNaming,62] - initializer namespace from ans.namespace attribute : null
10:12:18.068 [main] INFO  c.a.n.client.naming - [lambda$initNamespaceForNaming$0,66] - initializer namespace from ALIBABA_ALIWARE_NAMESPACE attribute :null
10:12:18.070 [main] INFO  c.a.n.client.naming - [lambda$initNamespaceForNaming$1,73] - initializer namespace from namespace attribute :null
10:12:18.090 [main] INFO  c.a.n.p.a.s.c.ClientAuthPluginManager - [init,56] - [ClientAuthPluginManager] Load ClientAuthService com.alibaba.nacos.client.auth.impl.NacosClientAuthServiceImpl success.
10:12:18.090 [main] INFO  c.a.n.p.a.s.c.ClientAuthPluginManager - [init,56] - [ClientAuthPluginManager] Load ClientAuthService com.alibaba.nacos.client.auth.ram.RamClientAuthServiceImpl success.
10:12:18.103 [main] INFO  c.a.n.c.r.client - [lambda$createClient$0,108] - [RpcClientFactory] create a new rpc client of 039c89f4-31c6-4552-97ad-45e9b64480a4
10:12:18.119 [main] INFO  c.a.n.c.r.client - [printIfInfoEnabled,63] - [039c89f4-31c6-4552-97ad-45e9b64480a4] RpcClient init, ServerListFactory = com.alibaba.nacos.client.naming.core.ServerListManager
10:12:18.120 [main] INFO  c.a.n.c.r.client - [printIfInfoEnabled,63] - [039c89f4-31c6-4552-97ad-45e9b64480a4] Registry connection listener to current client:com.alibaba.nacos.client.naming.remote.gprc.redo.NamingGrpcRedoService
10:12:18.120 [main] INFO  c.a.n.c.r.client - [printIfInfoEnabled,63] - [039c89f4-31c6-4552-97ad-45e9b64480a4] Register server push request handler:com.alibaba.nacos.client.naming.remote.gprc.NamingPushRequestHandler
10:12:18.122 [main] INFO  c.a.n.c.r.client - [printIfInfoEnabled,63] - [039c89f4-31c6-4552-97ad-45e9b64480a4] Try to connect to server on start up, server: {serverIp = 'localhost', server main port = 8848}
10:12:18.122 [main] INFO  c.a.n.c.r.c.g.GrpcClient - [createNewManagedChannel,182] - grpc client connection server:localhost ip,serverPort:9848,grpcTslConfig:{"sslProvider":"OPENSSL","enableTls":false,"mutualAuthEnable":false,"trustAll":false}
10:12:18.258 [main] INFO  c.a.n.c.r.client - [printIfInfoEnabled,63] - [039c89f4-31c6-4552-97ad-45e9b64480a4] Success to connect to server [localhost:8848] on start up, connectionId = 1752891137625_172.17.0.1_47142
10:12:18.260 [main] INFO  c.a.n.c.r.client - [printIfInfoEnabled,63] - [039c89f4-31c6-4552-97ad-45e9b64480a4] Register server push request handler:com.alibaba.nacos.common.remote.client.RpcClient$ConnectResetRequestHandler
10:12:18.260 [main] INFO  c.a.n.c.r.client - [printIfInfoEnabled,63] - [039c89f4-31c6-4552-97ad-45e9b64480a4] Register server push request handler:com.alibaba.nacos.common.remote.client.RpcClient$$Lambda$542/0x00000202cf420000
10:12:18.260 [com.alibaba.nacos.client.remote.worker] INFO  c.a.n.c.r.client - [printIfInfoEnabled,63] - [039c89f4-31c6-4552-97ad-45e9b64480a4] Notify connected event to listeners.
10:12:18.261 [com.alibaba.nacos.client.remote.worker] INFO  c.a.n.client.naming - [onConnected,78] - Grpc connection connect
10:12:18.263 [main] INFO  c.a.n.client.naming - [registerService,121] - [REGISTER-SERVICE] eb336955-dfe1-41cc-be2d-b42f54b59bed registering service oj-system with instance Instance{instanceId='null', ip='192.168.1.46', port=9201, weight=1.0, healthy=true, enabled=true, ephemeral=true, clusterName='DEFAULT', serviceName='null', metadata={IPv6=null, preserved.register.source=SPRING_CLOUD}}
10:12:18.336 [main] INFO  c.a.c.n.r.NacosServiceRegistry - [register,76] - nacos registry, DEFAULT_GROUP oj-system 192.168.1.46:9201 register finished
10:12:19.142 [main] INFO  c.a.c.n.r.NacosServiceRegistry - [deregister,95] - De-registering from Nacos Server now...
10:12:19.142 [main] INFO  c.a.n.client.naming - [deregisterService,217] - [DEREGISTER-SERVICE] eb336955-dfe1-41cc-be2d-b42f54b59bed deregistering service oj-system with instance: Instance{instanceId='null', ip='192.168.1.46', port=9201, weight=1.0, healthy=true, enabled=true, ephemeral=true, clusterName='DEFAULT', serviceName='null', metadata={}}
10:12:19.173 [main] INFO  c.a.c.n.r.NacosServiceRegistry - [deregister,115] - De-registration finished.
10:12:19.175 [main] INFO  c.a.n.client.naming - [shutdown,256] - com.alibaba.nacos.client.naming.cache.ServiceInfoHolder do shutdown begin
10:12:19.175 [main] INFO  c.a.n.client.naming - [shutdown,136] - com.alibaba.nacos.client.naming.backups.FailoverReactor do shutdown begin
10:12:19.500 [main] INFO  c.a.n.client.naming - [shutdown,138] - com.alibaba.nacos.client.naming.backups.FailoverReactor do shutdown stop
10:12:19.501 [main] INFO  c.a.n.client.naming - [shutdown,258] - com.alibaba.nacos.client.naming.cache.ServiceInfoHolder do shutdown stop
10:12:19.504 [main] INFO  c.a.n.client.naming - [shutdown,204] - com.alibaba.nacos.client.naming.remote.NamingClientProxyDelegate do shutdown begin
10:12:19.504 [main] INFO  c.a.n.client.naming - [shutdown,143] - com.alibaba.nacos.client.naming.core.ServiceInfoUpdateService do shutdown begin
10:12:19.504 [main] INFO  c.a.n.client.naming - [shutdown,145] - com.alibaba.nacos.client.naming.core.ServiceInfoUpdateService do shutdown stop
10:12:19.504 [main] INFO  c.a.n.client.naming - [shutdown,194] - com.alibaba.nacos.client.naming.core.ServerListManager do shutdown begin
10:12:19.506 [main] INFO  c.a.n.client.naming - [shutdown,199] - com.alibaba.nacos.client.naming.core.ServerListManager do shutdown stop
10:12:19.507 [main] INFO  c.a.n.client.naming - [shutdown,484] - com.alibaba.nacos.client.naming.remote.http.NamingHttpClientProxy do shutdown begin
10:12:19.507 [main] INFO  c.a.n.client.naming - [shutdown,486] - com.alibaba.nacos.client.naming.remote.http.NamingHttpClientProxy do shutdown stop
10:12:19.508 [main] INFO  c.a.n.c.r.client - [shutdown,429] - Shutdown rpc client, set status to shutdown
10:12:19.508 [main] INFO  c.a.n.c.r.client - [shutdown,431] - Shutdown client event executor java.util.concurrent.ScheduledThreadPoolExecutor@7ec8db0c[Running, pool size = 2, active threads = 2, queued tasks = 0, completed tasks = 0]
10:12:19.509 [main] INFO  c.a.n.c.r.client - [closeConnection,584] - Close current connection 1752891137625_172.17.0.1_47142
10:12:19.540 [main] INFO  c.a.n.c.r.c.g.GrpcClient - [shutdown,159] - Shutdown grpc executor java.util.concurrent.ThreadPoolExecutor@4b62f1ba[Running, pool size = 11, active threads = 0, queued tasks = 0, completed tasks = 11]
10:12:19.542 [main] INFO  c.a.n.client.naming - [shutdown,318] - Shutdown grpc redo service executor java.util.concurrent.ScheduledThreadPoolExecutor@39dce2df[Running, pool size = 1, active threads = 0, queued tasks = 1, completed tasks = 0]
10:12:19.543 [main] INFO  c.a.n.c.a.r.i.CredentialWatcher - [stop,106] - [null] CredentialWatcher is stopped
10:12:19.546 [main] INFO  c.a.n.c.a.r.i.CredentialService - [free,100] - [null] CredentialService is freed
10:12:19.549 [main] INFO  c.a.n.client.naming - [shutdown,211] - com.alibaba.nacos.client.naming.remote.NamingClientProxyDelegate do shutdown stop
10:12:19.718 [main] INFO  o.a.c.h.Http11NioProtocol - [log,173] - Pausing ProtocolHandler ["http-nio-9201"]
10:12:19.719 [main] INFO  o.a.c.c.StandardService - [log,173] - Stopping service [Tomcat]
10:12:19.732 [main] INFO  o.a.c.h.Http11NioProtocol - [log,173] - Stopping ProtocolHandler ["http-nio-9201"]
10:12:19.736 [main] INFO  o.a.c.h.Http11NioProtocol - [log,173] - Destroying ProtocolHandler ["http-nio-9201"]
10:12:19.757 [main] INFO  o.s.b.a.l.ConditionEvaluationReportLogger - [logMessage,82] - 

Error starting ApplicationContext. To display the condition evaluation report re-run your application with 'debug' enabled.
10:13:45.485 [main] INFO  c.a.n.c.u.ParamUtil - [<clinit>,87] - [settings] [req-serv] nacos-server port:8848
10:13:45.485 [main] INFO  c.a.n.c.u.ParamUtil - [<clinit>,98] - [settings] [http-client] connect timeout:1000
10:13:45.487 [main] INFO  c.a.n.c.u.ParamUtil - [<clinit>,105] - PER_TASK_CONFIG_SIZE: 3000.0
10:13:45.598 [main] INFO  c.a.n.p.a.s.c.ClientAuthPluginManager - [init,56] - [ClientAuthPluginManager] Load ClientAuthService com.alibaba.nacos.client.auth.impl.NacosClientAuthServiceImpl success.
10:13:45.598 [main] INFO  c.a.n.p.a.s.c.ClientAuthPluginManager - [init,56] - [ClientAuthPluginManager] Load ClientAuthService com.alibaba.nacos.client.auth.ram.RamClientAuthServiceImpl success.
10:13:45.602 [main] INFO  c.a.n.c.a.r.i.CredentialWatcher - [loadCredential,165] - null No credential found
10:13:46.002 [main] INFO  c.a.n.c.c.i.LocalConfigInfoProcessor - [<clinit>,63] - LOCAL_SNAPSHOT_PATH:C:\Users\Cjq11\nacos\config
10:13:46.007 [main] INFO  c.a.n.c.r.client - [lambda$createClient$0,108] - [RpcClientFactory] create a new rpc client of f4bad075-0761-4635-87bf-15296c0a0a0e_config-0
10:13:46.035 [main] INFO  c.a.n.c.r.client - [printIfInfoEnabled,63] - [f4bad075-0761-4635-87bf-15296c0a0a0e_config-0] Register server push request handler:com.alibaba.nacos.client.config.impl.ClientWorker$ConfigRpcTransportClient$$Lambda$519/0x00000220462b8d28
10:13:46.035 [main] INFO  c.a.n.c.r.client - [printIfInfoEnabled,63] - [f4bad075-0761-4635-87bf-15296c0a0a0e_config-0] Register server push request handler:com.alibaba.nacos.client.config.impl.ClientWorker$ConfigRpcTransportClient$$Lambda$520/0x00000220462b9148
10:13:46.036 [main] INFO  c.a.n.c.r.client - [printIfInfoEnabled,63] - [f4bad075-0761-4635-87bf-15296c0a0a0e_config-0] Registry connection listener to current client:com.alibaba.nacos.client.config.impl.ClientWorker$ConfigRpcTransportClient$1
10:13:46.037 [main] INFO  c.a.n.c.r.client - [printIfInfoEnabled,63] - [f4bad075-0761-4635-87bf-15296c0a0a0e_config-0] RpcClient init, ServerListFactory = com.alibaba.nacos.client.config.impl.ClientWorker$ConfigRpcTransportClient$2
10:13:46.047 [main] INFO  c.a.n.c.r.client - [printIfInfoEnabled,63] - [f4bad075-0761-4635-87bf-15296c0a0a0e_config-0] Try to connect to server on start up, server: {serverIp = 'localhost', server main port = 8848}
10:13:46.088 [main] INFO  c.a.n.c.r.c.g.GrpcClient - [createNewManagedChannel,182] - grpc client connection server:localhost ip,serverPort:9848,grpcTslConfig:{"sslProvider":"OPENSSL","enableTls":false,"mutualAuthEnable":false,"trustAll":false}
10:13:47.137 [main] INFO  c.a.n.c.r.client - [printIfInfoEnabled,63] - [f4bad075-0761-4635-87bf-15296c0a0a0e_config-0] Success to connect to server [localhost:8848] on start up, connectionId = 1752891226663_172.17.0.1_49380
10:13:47.137 [com.alibaba.nacos.client.remote.worker] INFO  c.a.n.c.r.client - [printIfInfoEnabled,63] - [f4bad075-0761-4635-87bf-15296c0a0a0e_config-0] Notify connected event to listeners.
10:13:47.138 [com.alibaba.nacos.client.remote.worker] INFO  c.a.n.c.c.i.ClientWorker - [onConnected,639] - [f4bad075-0761-4635-87bf-15296c0a0a0e_config-0] Connected,notify listen context...
10:13:47.138 [main] INFO  c.a.n.c.r.client - [printIfInfoEnabled,63] - [f4bad075-0761-4635-87bf-15296c0a0a0e_config-0] Register server push request handler:com.alibaba.nacos.common.remote.client.RpcClient$ConnectResetRequestHandler
10:13:47.139 [main] INFO  c.a.n.c.r.client - [printIfInfoEnabled,63] - [f4bad075-0761-4635-87bf-15296c0a0a0e_config-0] Register server push request handler:com.alibaba.nacos.common.remote.client.RpcClient$$Lambda$542/0x0000022046420000
10:13:47.181 [main] INFO  c.a.n.c.c.i.Limiter - [<clinit>,62] - limitTime:5.0
10:13:47.218 [main] INFO  c.a.n.c.c.u.JvmUtil - [<clinit>,54] - isMultiInstance:false
10:13:47.225 [main] INFO  o.s.c.b.c.PropertySourceBootstrapConfiguration - [initialize,108] - Located property source: [BootstrapPropertySource {name='bootstrapProperties-oj-system-local.yaml,DEFAULT_GROUP'}, BootstrapPropertySource {name='bootstrapProperties-oj-system.yaml,DEFAULT_GROUP'}, BootstrapPropertySource {name='bootstrapProperties-oj-system,DEFAULT_GROUP'}]
10:13:47.232 [main] INFO  c.s.s.OjSystemApplication - [logStartupProfileInfo,636] - The following 1 profile is active: "local"
10:13:48.049 [main] INFO  o.s.d.r.c.RepositoryConfigurationDelegate - [multipleStoresDetected,294] - Multiple Spring Data modules found, entering strict repository configuration mode
10:13:48.055 [main] INFO  o.s.d.r.c.RepositoryConfigurationDelegate - [registerRepositoriesIn,138] - Bootstrapping Spring Data Redis repositories in DEFAULT mode.
10:13:48.094 [main] INFO  o.s.d.r.c.RepositoryConfigurationDelegate - [registerRepositoriesIn,208] - Finished Spring Data repository scanning in 11 ms. Found 0 Redis repository interfaces.
10:13:48.329 [main] INFO  o.s.c.c.s.GenericScope - [setSerializationId,282] - BeanFactory id=7e7af13a-c8dc-341e-bae5-fb88d2b3bc3f
10:13:48.809 [main] INFO  o.s.b.w.e.t.TomcatWebServer - [initialize,108] - Tomcat initialized with port(s): 9201 (http)
10:13:48.824 [main] INFO  o.a.c.h.Http11NioProtocol - [log,173] - Initializing ProtocolHandler ["http-nio-9201"]
10:13:48.825 [main] INFO  o.a.c.c.StandardService - [log,173] - Starting service [Tomcat]
10:13:48.825 [main] INFO  o.a.c.c.StandardEngine - [log,173] - Starting Servlet engine: [Apache Tomcat/10.1.4]
10:13:48.920 [main] INFO  o.a.c.c.C.[.[.[/] - [log,173] - Initializing Spring embedded WebApplicationContext
10:13:48.921 [main] INFO  o.s.b.w.s.c.ServletWebServerApplicationContext - [prepareWebApplicationContext,291] - Root WebApplicationContext: initialization completed in 1669 ms
10:13:51.811 [main] INFO  o.a.c.h.Http11NioProtocol - [log,173] - Starting ProtocolHandler ["http-nio-9201"]
10:13:51.828 [main] INFO  o.s.b.w.e.t.TomcatWebServer - [start,220] - Tomcat started on port(s): 9201 (http) with context path ''
10:13:51.836 [main] INFO  c.a.n.client.naming - [initNamespaceForNaming,62] - initializer namespace from ans.namespace attribute : null
10:13:51.836 [main] INFO  c.a.n.client.naming - [lambda$initNamespaceForNaming$0,66] - initializer namespace from ALIBABA_ALIWARE_NAMESPACE attribute :null
10:13:51.837 [main] INFO  c.a.n.client.naming - [lambda$initNamespaceForNaming$1,73] - initializer namespace from namespace attribute :null
10:13:51.846 [main] INFO  c.a.n.p.a.s.c.ClientAuthPluginManager - [init,56] - [ClientAuthPluginManager] Load ClientAuthService com.alibaba.nacos.client.auth.impl.NacosClientAuthServiceImpl success.
10:13:51.846 [main] INFO  c.a.n.p.a.s.c.ClientAuthPluginManager - [init,56] - [ClientAuthPluginManager] Load ClientAuthService com.alibaba.nacos.client.auth.ram.RamClientAuthServiceImpl success.
10:13:51.850 [main] INFO  c.a.n.c.r.client - [lambda$createClient$0,108] - [RpcClientFactory] create a new rpc client of 2e170fc4-72bd-488a-9b2f-109aa8589699
10:13:51.852 [main] INFO  c.a.n.c.r.client - [printIfInfoEnabled,63] - [2e170fc4-72bd-488a-9b2f-109aa8589699] RpcClient init, ServerListFactory = com.alibaba.nacos.client.naming.core.ServerListManager
10:13:51.852 [main] INFO  c.a.n.c.r.client - [printIfInfoEnabled,63] - [2e170fc4-72bd-488a-9b2f-109aa8589699] Registry connection listener to current client:com.alibaba.nacos.client.naming.remote.gprc.redo.NamingGrpcRedoService
10:13:51.852 [main] INFO  c.a.n.c.r.client - [printIfInfoEnabled,63] - [2e170fc4-72bd-488a-9b2f-109aa8589699] Register server push request handler:com.alibaba.nacos.client.naming.remote.gprc.NamingPushRequestHandler
10:13:51.852 [main] INFO  c.a.n.c.r.client - [printIfInfoEnabled,63] - [2e170fc4-72bd-488a-9b2f-109aa8589699] Try to connect to server on start up, server: {serverIp = 'localhost', server main port = 8848}
10:13:51.852 [main] INFO  c.a.n.c.r.c.g.GrpcClient - [createNewManagedChannel,182] - grpc client connection server:localhost ip,serverPort:9848,grpcTslConfig:{"sslProvider":"OPENSSL","enableTls":false,"mutualAuthEnable":false,"trustAll":false}
10:13:51.978 [main] INFO  c.a.n.c.r.client - [printIfInfoEnabled,63] - [2e170fc4-72bd-488a-9b2f-109aa8589699] Success to connect to server [localhost:8848] on start up, connectionId = 1752891231898_172.17.0.1_49384
10:13:51.978 [main] INFO  c.a.n.c.r.client - [printIfInfoEnabled,63] - [2e170fc4-72bd-488a-9b2f-109aa8589699] Register server push request handler:com.alibaba.nacos.common.remote.client.RpcClient$ConnectResetRequestHandler
10:13:51.978 [main] INFO  c.a.n.c.r.client - [printIfInfoEnabled,63] - [2e170fc4-72bd-488a-9b2f-109aa8589699] Register server push request handler:com.alibaba.nacos.common.remote.client.RpcClient$$Lambda$542/0x0000022046420000
10:13:51.978 [com.alibaba.nacos.client.remote.worker] INFO  c.a.n.c.r.client - [printIfInfoEnabled,63] - [2e170fc4-72bd-488a-9b2f-109aa8589699] Notify connected event to listeners.
10:13:51.978 [com.alibaba.nacos.client.remote.worker] INFO  c.a.n.client.naming - [onConnected,78] - Grpc connection connect
10:13:51.979 [main] INFO  c.a.n.client.naming - [registerService,121] - [REGISTER-SERVICE] eb336955-dfe1-41cc-be2d-b42f54b59bed registering service oj-system with instance Instance{instanceId='null', ip='192.168.1.46', port=9201, weight=1.0, healthy=true, enabled=true, ephemeral=true, clusterName='DEFAULT', serviceName='null', metadata={IPv6=null, preserved.register.source=SPRING_CLOUD}}
10:13:51.994 [main] INFO  c.a.c.n.r.NacosServiceRegistry - [register,76] - nacos registry, DEFAULT_GROUP oj-system 192.168.1.46:9201 register finished
10:13:52.267 [main] INFO  c.s.s.OjSystemApplication - [logStarted,57] - Started OjSystemApplication in 7.848 seconds (process running for 8.524)
10:13:52.272 [main] INFO  c.a.n.c.c.i.CacheData - [<clinit>,67] - nacos.cache.data.init.snapshot = true 
10:13:52.273 [main] INFO  c.a.n.c.c.i.ClientWorker - [addCacheDataIfAbsent,380] - [fixed-eb336955-dfe1-41cc-be2d-b42f54b59bed-localhost_8848] [subscribe] oj-system-local.yaml+DEFAULT_GROUP+eb336955-dfe1-41cc-be2d-b42f54b59bed
10:13:52.283 [main] INFO  c.a.n.c.c.i.CacheData - [addListener,197] - [fixed-eb336955-dfe1-41cc-be2d-b42f54b59bed-localhost_8848] [add-listener] ok, tenant=eb336955-dfe1-41cc-be2d-b42f54b59bed, dataId=oj-system-local.yaml, group=DEFAULT_GROUP, cnt=1
10:13:52.283 [main] INFO  c.a.c.n.r.NacosContextRefresher - [registerNacosListener,129] - [Nacos Config] Listening config: dataId=oj-system-local.yaml, group=DEFAULT_GROUP
10:13:52.284 [main] INFO  c.a.n.c.c.i.ClientWorker - [addCacheDataIfAbsent,380] - [fixed-eb336955-dfe1-41cc-be2d-b42f54b59bed-localhost_8848] [subscribe] oj-system+DEFAULT_GROUP+eb336955-dfe1-41cc-be2d-b42f54b59bed
10:13:52.284 [main] INFO  c.a.n.c.c.i.CacheData - [addListener,197] - [fixed-eb336955-dfe1-41cc-be2d-b42f54b59bed-localhost_8848] [add-listener] ok, tenant=eb336955-dfe1-41cc-be2d-b42f54b59bed, dataId=oj-system, group=DEFAULT_GROUP, cnt=1
10:13:52.284 [main] INFO  c.a.c.n.r.NacosContextRefresher - [registerNacosListener,129] - [Nacos Config] Listening config: dataId=oj-system, group=DEFAULT_GROUP
10:13:52.285 [main] INFO  c.a.n.c.c.i.ClientWorker - [addCacheDataIfAbsent,380] - [fixed-eb336955-dfe1-41cc-be2d-b42f54b59bed-localhost_8848] [subscribe] oj-system.yaml+DEFAULT_GROUP+eb336955-dfe1-41cc-be2d-b42f54b59bed
10:13:52.286 [main] INFO  c.a.n.c.c.i.CacheData - [addListener,197] - [fixed-eb336955-dfe1-41cc-be2d-b42f54b59bed-localhost_8848] [add-listener] ok, tenant=eb336955-dfe1-41cc-be2d-b42f54b59bed, dataId=oj-system.yaml, group=DEFAULT_GROUP, cnt=1
10:13:52.287 [main] INFO  c.a.c.n.r.NacosContextRefresher - [registerNacosListener,129] - [Nacos Config] Listening config: dataId=oj-system.yaml, group=DEFAULT_GROUP
10:14:01.681 [http-nio-9201-exec-1] INFO  o.a.c.c.C.[.[.[/] - [log,173] - Initializing Spring DispatcherServlet 'dispatcherServlet'
10:14:01.682 [http-nio-9201-exec-1] INFO  o.s.w.s.DispatcherServlet - [initServletBean,532] - Initializing Servlet 'dispatcherServlet'
10:14:01.682 [http-nio-9201-exec-1] INFO  o.s.w.s.DispatcherServlet - [initServletBean,554] - Completed initialization in 0 ms
10:14:02.791 [http-nio-9201-exec-9] INFO  o.s.a.AbstractOpenApiResource - [getOpenApi,387] - Init duration for springdoc-openapi is: 281 ms
10:16:25.973 [http-nio-9201-exec-2] INFO  c.z.h.HikariDataSource - [getConnection,110] - HikariPool-1 - Starting...
10:16:26.803 [http-nio-9201-exec-2] INFO  c.z.h.p.HikariPool - [checkFailFast,565] - HikariPool-1 - Added connection com.mysql.cj.jdbc.ConnectionImpl@4489e698
10:16:26.807 [http-nio-9201-exec-2] INFO  c.z.h.HikariDataSource - [getConnection,123] - HikariPool-1 - Start completed.
